<?xml version="1.0" encoding="UTF-8"?>
<!-- Generated by org.testng.reporters.JUnitXMLReporter -->
<testsuite ignored="0" hostname="PritiB" failures="0" tests="4" name="Default test" time="20.039" errors="0" timestamp="2024-05-06T20:03:12 IST">
  <testcase classname="api.test.UserTest" name="testPostUser" time="8.911"/>
  <testcase classname="api.test.UserTest" name="testGetUserByName" time="1.712"/>
  <testcase classname="api.test.UserTest" name="testUpdateUserByName" time="4.681"/>
  <testcase classname="api.test.UserTest" name="testDeleteUserName" time="1.707"/>
</testsuite> <!-- Default test -->
