<?xml version="1.0" encoding="UTF-8"?>
<testng-results ignored="0" total="4" passed="4" failed="0" skipped="0">
  <reporter-output>
  </reporter-output>
  <suite started-at="2024-05-26T09:17:29 IST" name="PetSuite" finished-at="2024-05-26T09:17:44 IST" duration-ms="14862">
    <groups>
    </groups>
    <test started-at="2024-05-26T09:17:29 IST" name="PetTest" finished-at="2024-05-26T09:17:44 IST" duration-ms="14862">
      <class name="api.test.UserTest">
        <test-method is-config="true" signature="setupData()[pri:0, instance:api.test.UserTest@59662a0b]" started-at="2024-05-26T09:17:30 IST" name="setupData" finished-at="2024-05-26T09:17:31 IST" duration-ms="1233" status="PASS">
          <reporter-output>
          </reporter-output>
        </test-method> <!-- setupData -->
        <test-method signature="testPostUser()[pri:1, instance:api.test.UserTest@59662a0b]" started-at="2024-05-26T09:17:31 IST" name="testPostUser" finished-at="2024-05-26T09:17:36 IST" duration-ms="5236" status="PASS">
          <reporter-output>
          </reporter-output>
        </test-method> <!-- testPostUser -->
        <test-method signature="testGetUserByName()[pri:2, instance:api.test.UserTest@59662a0b]" started-at="2024-05-26T09:17:36 IST" name="testGetUserByName" finished-at="2024-05-26T09:17:38 IST" duration-ms="2091" status="PASS">
          <reporter-output>
          </reporter-output>
        </test-method> <!-- testGetUserByName -->
        <test-method signature="testUpdateUserByName()[pri:3, instance:api.test.UserTest@59662a0b]" started-at="2024-05-26T09:17:38 IST" name="testUpdateUserByName" finished-at="2024-05-26T09:17:42 IST" duration-ms="3883" status="PASS">
          <reporter-output>
          </reporter-output>
        </test-method> <!-- testUpdateUserByName -->
        <test-method signature="testDeleteUserName()[pri:4, instance:api.test.UserTest@59662a0b]" started-at="2024-05-26T09:17:42 IST" name="testDeleteUserName" finished-at="2024-05-26T09:17:44 IST" duration-ms="1826" status="PASS">
          <reporter-output>
          </reporter-output>
        </test-method> <!-- testDeleteUserName -->
      </class> <!-- api.test.UserTest -->
    </test> <!-- PetTest -->
  </suite> <!-- PetSuite -->
</testng-results>
