<?xml version="1.0" encoding="UTF-8"?>
<testng-results ignored="0" total="4" passed="4" failed="0" skipped="0">
  <reporter-output>
  </reporter-output>
  <suite started-at="2024-05-06T20:02:51 IST" name="Default suite" finished-at="2024-05-06T20:03:11 IST" duration-ms="20039">
    <groups>
    </groups>
    <test started-at="2024-05-06T20:02:51 IST" name="Default test" finished-at="2024-05-06T20:03:11 IST" duration-ms="20039">
      <class name="api.test.UserTest">
        <test-method is-config="true" signature="setupData()[pri:0, instance:api.test.UserTest@57a3af25]" started-at="2024-05-06T20:02:51 IST" name="setupData" finished-at="2024-05-06T20:02:54 IST" duration-ms="2857" status="PASS">
          <reporter-output>
          </reporter-output>
        </test-method> <!-- setupData -->
        <test-method signature="testPostUser()[pri:1, instance:api.test.UserTest@57a3af25]" started-at="2024-05-06T20:02:54 IST" name="testPostUser" finished-at="2024-05-06T20:03:03 IST" duration-ms="8911" status="PASS">
          <reporter-output>
          </reporter-output>
        </test-method> <!-- testPostUser -->
        <test-method signature="testGetUserByName()[pri:2, instance:api.test.UserTest@57a3af25]" started-at="2024-05-06T20:03:03 IST" name="testGetUserByName" finished-at="2024-05-06T20:03:04 IST" duration-ms="1712" status="PASS">
          <reporter-output>
          </reporter-output>
        </test-method> <!-- testGetUserByName -->
        <test-method signature="testUpdateUserByName()[pri:3, instance:api.test.UserTest@57a3af25]" started-at="2024-05-06T20:03:04 IST" name="testUpdateUserByName" finished-at="2024-05-06T20:03:09 IST" duration-ms="4681" status="PASS">
          <reporter-output>
          </reporter-output>
        </test-method> <!-- testUpdateUserByName -->
        <test-method signature="testDeleteUserName()[pri:4, instance:api.test.UserTest@57a3af25]" started-at="2024-05-06T20:03:09 IST" name="testDeleteUserName" finished-at="2024-05-06T20:03:11 IST" duration-ms="1707" status="PASS">
          <reporter-output>
          </reporter-output>
        </test-method> <!-- testDeleteUserName -->
      </class> <!-- api.test.UserTest -->
    </test> <!-- Default test -->
  </suite> <!-- Default suite -->
</testng-results>
