<?xml version="1.0" encoding="UTF-8"?>
<!-- Generated by org.testng.reporters.JUnitXMLReporter -->
<testsuite ignored="0" hostname="PritiB" failures="0" tests="4" name="PetTest" time="14.862" errors="0" timestamp="2024-05-26T09:17:45 IST">
  <testcase classname="api.test.UserTest" name="testPostUser" time="5.236"/>
  <testcase classname="api.test.UserTest" name="testGetUserByName" time="2.091"/>
  <testcase classname="api.test.UserTest" name="testUpdateUserByName" time="3.883"/>
  <testcase classname="api.test.UserTest" name="testDeleteUserName" time="1.826"/>
</testsuite> <!-- PetTest -->
